[    95.735] (WW) Failed to open protocol names file lib/xorg/protocol.txt
[    95.735] 
X.Org X Server 1.20.12
X Protocol Version 11, Revision 0
[    95.736] Build Operating System: Linux Archlinux
[    95.736] Current Operating System: Linux Hargun-Arch 5.10.49-1-lts #1 SMP Sun, 11 Jul 2021 12:21:22 +0000 x86_64
[    95.736] Kernel command line: BOOT_IMAGE=/boot/vmlinuz-linux-lts root=/dev/mapper/volgroup0-lv_root rw loglevel=3 quiet
[    95.736] Build Date: 08 July 2021  08:00:40PM
[    95.736]  
[    95.736] Current version of pixman: 0.40.0
[    95.736] 	Before reporting problems, check http://wiki.x.org
	to make sure that you have the latest version.
[    95.736] Markers: (--) probed, (**) from config file, (==) default setting,
	(++) from command line, (!!) notice, (II) informational,
	(WW) warning, (EE) error, (NI) not implemented, (??) unknown.
[    95.736] (==) Log file: "/home/hamiecod/.local/share/xorg/Xorg.2.log", Time: Wed Jul 14 12:39:58 2021
[    95.736] (==) Using system config directory "/usr/share/X11/xorg.conf.d"
[    95.736] (==) No Layout section.  Using the first Screen section.
[    95.736] (==) No screen section available. Using defaults.
[    95.736] (**) |-->Screen "Default Screen Section" (0)
[    95.736] (**) |   |-->Monitor "<default monitor>"
[    95.737] (==) No monitor specified for screen "Default Screen Section".
	Using a default monitor configuration.
[    95.737] (==) Automatically adding devices
[    95.737] (==) Automatically enabling devices
[    95.737] (==) Automatically adding GPU devices
[    95.737] (==) Automatically binding GPU devices
[    95.737] (==) Max clients allowed: 256, resource mask: 0x1fffff
[    95.737] (WW) The directory "/usr/share/fonts/misc" does not exist.
[    95.737] 	Entry deleted from font path.
[    95.737] (WW) The directory "/usr/share/fonts/Type1" does not exist.
[    95.737] 	Entry deleted from font path.
[    95.737] (==) FontPath set to:
	/usr/share/fonts/TTF,
	/usr/share/fonts/OTF,
	/usr/share/fonts/100dpi,
	/usr/share/fonts/75dpi
[    95.737] (==) ModulePath set to "/usr/lib/xorg/modules"
[    95.737] (II) The server relies on udev to provide the list of input devices.
	If no devices become available, reconfigure udev or disable AutoAddDevices.
[    95.737] (II) Module ABI versions:
[    95.737] 	X.Org ANSI C Emulation: 0.4
[    95.737] 	X.Org Video Driver: 24.1
[    95.737] 	X.Org XInput driver : 24.1
[    95.737] 	X.Org Server Extension : 10.0
[    95.737] (++) using VT number 4

[    95.739] (II) systemd-logind: took control of session /org/freedesktop/login1/session/_39
[    95.740] (II) xfree86: Adding drm device (/dev/dri/card0)
[    95.740] (II) systemd-logind: got fd for /dev/dri/card0 226:0 fd 10 paused 0
[    95.743] (--) PCI:*(0@0:2:0) 8086:5917:103c:8486 rev 7, Mem @ 0xa0000000/16777216, 0x90000000/268435456, I/O @ 0x00004000/64, BIOS @ 0x????????/131072
[    95.743] (WW) Open ACPI failed (/var/run/acpid.socket) (No such file or directory)
[    95.743] (II) LoadModule: "glx"
[    95.743] (II) Loading /usr/lib/xorg/modules/extensions/libglx.so
[    95.744] (II) Module glx: vendor="X.Org Foundation"
[    95.744] 	compiled for 1.20.12, module version = 1.0.0
[    95.744] 	ABI class: X.Org Server Extension, version 10.0
[    95.744] (==) Matched intel as autoconfigured driver 0
[    95.744] (==) Matched modesetting as autoconfigured driver 1
[    95.744] (==) Matched fbdev as autoconfigured driver 2
[    95.744] (==) Matched vesa as autoconfigured driver 3
[    95.744] (==) Assigned the driver to the xf86ConfigLayout
[    95.744] (II) LoadModule: "intel"
[    95.744] (II) Loading /usr/lib/xorg/modules/drivers/intel_drv.so
[    95.745] (II) Module intel: vendor="X.Org Foundation"
[    95.745] 	compiled for 1.20.10, module version = 2.99.917
[    95.745] 	Module class: X.Org Video Driver
[    95.745] 	ABI class: X.Org Video Driver, version 24.1
[    95.745] (II) LoadModule: "modesetting"
[    95.745] (II) Loading /usr/lib/xorg/modules/drivers/modesetting_drv.so
[    95.745] (II) Module modesetting: vendor="X.Org Foundation"
[    95.745] 	compiled for 1.20.12, module version = 1.20.12
[    95.745] 	Module class: X.Org Video Driver
[    95.745] 	ABI class: X.Org Video Driver, version 24.1
[    95.745] (II) LoadModule: "fbdev"
[    95.745] (WW) Warning, couldn't open module fbdev
[    95.745] (EE) Failed to load module "fbdev" (module does not exist, 0)
[    95.745] (II) LoadModule: "vesa"
[    95.746] (II) Loading /usr/lib/xorg/modules/drivers/vesa_drv.so
[    95.746] (II) Module vesa: vendor="X.Org Foundation"
[    95.746] 	compiled for 1.20.9, module version = 2.5.0
[    95.746] 	Module class: X.Org Video Driver
[    95.746] 	ABI class: X.Org Video Driver, version 24.1
[    95.746] (II) intel: Driver for Intel(R) Integrated Graphics Chipsets:
	i810, i810-dc100, i810e, i815, i830M, 845G, 854, 852GM/855GM, 865G,
	915G, E7221 (i915), 915GM, 945G, 945GM, 945GME, Pineview GM,
	Pineview G, 965G, G35, 965Q, 946GZ, 965GM, 965GME/GLE, G33, Q35, Q33,
	GM45, 4 Series, G45/G43, Q45/Q43, G41, B43
[    95.746] (II) intel: Driver for Intel(R) HD Graphics
[    95.746] (II) intel: Driver for Intel(R) Iris(TM) Graphics
[    95.746] (II) intel: Driver for Intel(R) Iris(TM) Pro Graphics
[    95.746] (II) modesetting: Driver for Modesetting Kernel Drivers: kms
[    95.746] (II) VESA: driver for VESA chipsets: vesa
[    95.746] xf86EnableIOPorts: failed to set IOPL for I/O (Operation not permitted)
[    95.746] (II) intel(0): Using Kernel Mode Setting driver: i915, version 1.6.0 20200917
[    95.746] (II) intel(0): SNA compiled from 2.99.917-916-g31486f40
[    95.769] (WW) Falling back to old probe method for modesetting
[    95.769] (WW) VGA arbiter: cannot open kernel arbiter, no multi-card support
[    95.769] (--) intel(0): gen9 engineering sample
[    95.769] (--) intel(0): CPU: x86-64, sse2, sse3, ssse3, sse4.1, sse4.2, avx, avx2; using a maximum of 2 threads
[    95.769] (II) intel(0): Creating default Display subsection in Screen section
	"Default Screen Section" for depth/fbbpp 24/32
[    95.769] (==) intel(0): Depth 24, (--) framebuffer bpp 32
[    95.769] (==) intel(0): RGB weight 888
[    95.769] (==) intel(0): Default visual is TrueColor
[    95.770] (II) intel(0): Output eDP1 has no monitor section
[    95.770] (**) intel(0): Found backlight control interface intel_backlight (type 'raw') for output eDP1
[    95.770] (II) intel(0): Enabled output eDP1
[    95.770] (II) intel(0): Output HDMI1 has no monitor section
[    95.771] (II) intel(0): Enabled output HDMI1
[    95.771] (--) intel(0): Using a maximum size of 256x256 for hardware cursors
[    95.771] (II) intel(0): Output VIRTUAL1 has no monitor section
[    95.771] (II) intel(0): Enabled output VIRTUAL1
[    95.771] (--) intel(0): Output eDP1 using initial mode 1920x1080 on pipe 0
[    95.771] (--) intel(0): Output HDMI1 using initial mode 1360x768 on pipe 1
[    95.771] (==) intel(0): TearFree enabled
[    95.771] (==) intel(0): Using gamma correction (1.0, 1.0, 1.0)
[    95.771] (==) intel(0): DPI set to (96, 96)
[    95.771] (II) Loading sub module "dri3"
[    95.771] (II) LoadModule: "dri3"
[    95.771] (II) Module "dri3" already built-in
[    95.771] (II) Loading sub module "dri2"
[    95.771] (II) LoadModule: "dri2"
[    95.771] (II) Module "dri2" already built-in
[    95.771] (II) Loading sub module "present"
[    95.771] (II) LoadModule: "present"
[    95.771] (II) Module "present" already built-in
[    95.771] (II) UnloadModule: "modesetting"
[    95.771] (II) Unloading modesetting
[    95.771] (II) UnloadModule: "vesa"
[    95.771] (II) Unloading vesa
[    95.771] (II) intel(0): SNA initialized with Kabylake (gen9) backend
[    95.771] (==) intel(0): Backing store enabled
[    95.771] (==) intel(0): Silken mouse disabled
[    95.771] (II) intel(0): HW Cursor enabled
[    95.771] (==) intel(0): DPMS enabled
[    95.772] (==) intel(0): Display hotplug detection enabled
[    95.772] (II) intel(0): [DRI2] Setup complete
[    95.772] (II) intel(0): [DRI2]   DRI driver: i965
[    95.772] (II) intel(0): [DRI2]   VDPAU driver: va_gl
[    95.772] (II) intel(0): direct rendering: DRI2 DRI3 enabled
[    95.772] (II) intel(0): hardware support for Present enabled
[    95.772] (II) Initializing extension Generic Event Extension
[    95.772] (II) Initializing extension SHAPE
[    95.772] (II) Initializing extension MIT-SHM
[    95.772] (II) Initializing extension XInputExtension
[    95.772] (II) Initializing extension XTEST
[    95.772] (II) Initializing extension BIG-REQUESTS
[    95.772] (II) Initializing extension SYNC
[    95.772] (II) Initializing extension XKEYBOARD
[    95.772] (II) Initializing extension XC-MISC
[    95.772] (II) Initializing extension SECURITY
[    95.772] (II) Initializing extension XFIXES
[    95.772] (II) Initializing extension RENDER
[    95.772] (II) Initializing extension RANDR
[    95.772] (II) Initializing extension COMPOSITE
[    95.772] (II) Initializing extension DAMAGE
[    95.772] (II) Initializing extension MIT-SCREEN-SAVER
[    95.772] (II) Initializing extension DOUBLE-BUFFER
[    95.772] (II) Initializing extension RECORD
[    95.772] (II) Initializing extension DPMS
[    95.772] (II) Initializing extension Present
[    95.772] (II) Initializing extension DRI3
[    95.772] (II) Initializing extension X-Resource
[    95.772] (II) Initializing extension XVideo
[    95.772] (II) Initializing extension XVideo-MotionCompensation
[    95.772] (II) Initializing extension GLX
[    95.783] (II) AIGLX: Loaded and initialized i965
[    95.783] (II) GLX: Initialized DRI2 GL provider for screen 0
[    95.783] (II) Initializing extension XFree86-VidModeExtension
[    95.783] (II) Initializing extension XFree86-DGA
[    95.783] (II) Initializing extension XFree86-DRI
[    95.783] (II) Initializing extension DRI2
[    95.786] (II) intel(0): switch to mode 1920x1080@60.0 on eDP1 using pipe 0, position (0, 0), rotation normal, reflection none
[    95.797] (II) intel(0): switch to mode 1360x768@60.0 on HDMI1 using pipe 1, position (0, 0), rotation normal, reflection none
[    95.798] (II) intel(0): Setting screen physical size to 508 x 285
[    95.854] (II) config/udev: Adding input device Power Button (/dev/input/event2)
[    95.854] (**) Power Button: Applying InputClass "libinput keyboard catchall"
[    95.854] (II) LoadModule: "libinput"
[    95.854] (II) Loading /usr/lib/xorg/modules/input/libinput_drv.so
[    95.855] (II) Module libinput: vendor="X.Org Foundation"
[    95.855] 	compiled for 1.20.11, module version = 1.1.0
[    95.855] 	Module class: X.Org XInput Driver
[    95.855] 	ABI class: X.Org XInput driver, version 24.1
[    95.855] (II) Using input driver 'libinput' for 'Power Button'
[    95.856] (II) systemd-logind: got fd for /dev/input/event2 13:66 fd 16 paused 0
[    95.856] (**) Power Button: always reports core events
[    95.856] (**) Option "Device" "/dev/input/event2"
[    95.856] (**) Option "_source" "server/udev"
[    95.857] (II) event2  - Power Button: is tagged by udev as: Keyboard
[    95.857] (II) event2  - Power Button: device is a keyboard
[    95.858] (II) event2  - Power Button: device removed
[    95.858] (**) Option "config_info" "udev:/sys/devices/LNXSYSTM:00/LNXPWRBN:00/input/input2/event2"
[    95.858] (II) XINPUT: Adding extended input device "Power Button" (type: KEYBOARD, id 6)
[    95.858] (II) event2  - Power Button: is tagged by udev as: Keyboard
[    95.858] (II) event2  - Power Button: device is a keyboard
[    95.859] (II) config/udev: Adding input device Video Bus (/dev/input/event19)
[    95.859] (**) Video Bus: Applying InputClass "libinput keyboard catchall"
[    95.859] (II) Using input driver 'libinput' for 'Video Bus'
[    95.859] (II) systemd-logind: got fd for /dev/input/event19 13:83 fd 19 paused 0
[    95.859] (**) Video Bus: always reports core events
[    95.859] (**) Option "Device" "/dev/input/event19"
[    95.859] (**) Option "_source" "server/udev"
[    95.860] (II) event19 - Video Bus: is tagged by udev as: Keyboard
[    95.860] (II) event19 - Video Bus: device is a keyboard
[    95.860] (II) event19 - Video Bus: device removed
[    95.860] (**) Option "config_info" "udev:/sys/devices/LNXSYSTM:00/LNXSYBUS:00/PNP0A08:00/LNXVIDEO:00/input/input24/event19"
[    95.860] (II) XINPUT: Adding extended input device "Video Bus" (type: KEYBOARD, id 7)
[    95.861] (II) event19 - Video Bus: is tagged by udev as: Keyboard
[    95.861] (II) event19 - Video Bus: device is a keyboard
[    95.861] (II) config/udev: Adding input device Power Button (/dev/input/event1)
[    95.861] (**) Power Button: Applying InputClass "libinput keyboard catchall"
[    95.861] (II) Using input driver 'libinput' for 'Power Button'
[    95.862] (II) systemd-logind: got fd for /dev/input/event1 13:65 fd 20 paused 0
[    95.862] (**) Power Button: always reports core events
[    95.862] (**) Option "Device" "/dev/input/event1"
[    95.862] (**) Option "_source" "server/udev"
[    95.862] (II) event1  - Power Button: is tagged by udev as: Keyboard
[    95.862] (II) event1  - Power Button: device is a keyboard
[    95.862] (II) event1  - Power Button: device removed
[    95.862] (**) Option "config_info" "udev:/sys/devices/LNXSYSTM:00/LNXSYBUS:00/PNP0C0C:00/input/input1/event1"
[    95.862] (II) XINPUT: Adding extended input device "Power Button" (type: KEYBOARD, id 8)
[    95.863] (II) event1  - Power Button: is tagged by udev as: Keyboard
[    95.863] (II) event1  - Power Button: device is a keyboard
[    95.863] (II) config/udev: Adding input device Lid Switch (/dev/input/event0)
[    95.863] (II) No input driver specified, ignoring this device.
[    95.863] (II) This device may have been added with another device file.
[    95.864] (II) config/udev: Adding input device HID 1bcf:08a0 Consumer Control (/dev/input/event9)
[    95.864] (**) HID 1bcf:08a0 Consumer Control: Applying InputClass "libinput keyboard catchall"
[    95.864] (II) Using input driver 'libinput' for 'HID 1bcf:08a0 Consumer Control'
[    95.865] (II) systemd-logind: got fd for /dev/input/event9 13:73 fd 21 paused 0
[    95.865] (**) HID 1bcf:08a0 Consumer Control: always reports core events
[    95.865] (**) Option "Device" "/dev/input/event9"
[    95.865] (**) Option "_source" "server/udev"
[    95.866] (II) event9  - HID 1bcf:08a0 Consumer Control: is tagged by udev as: Keyboard
[    95.866] (II) event9  - HID 1bcf:08a0 Consumer Control: device is a keyboard
[    95.866] (II) event9  - HID 1bcf:08a0 Consumer Control: device removed
[    95.866] (II) libinput: HID 1bcf:08a0 Consumer Control: needs a virtual subdevice
[    95.866] (**) Option "config_info" "udev:/sys/devices/pci0000:00/0000:00:14.0/usb1/1-1/1-1:1.0/0003:1BCF:08A0.0001/input/input10/event9"
[    95.866] (II) XINPUT: Adding extended input device "HID 1bcf:08a0 Consumer Control" (type: MOUSE, id 9)
[    95.866] (**) Option "AccelerationScheme" "none"
[    95.866] (**) HID 1bcf:08a0 Consumer Control: (accel) selected scheme none/0
[    95.866] (**) HID 1bcf:08a0 Consumer Control: (accel) acceleration factor: 2.000
[    95.866] (**) HID 1bcf:08a0 Consumer Control: (accel) acceleration threshold: 4
[    95.867] (II) event9  - HID 1bcf:08a0 Consumer Control: is tagged by udev as: Keyboard
[    95.867] (II) event9  - HID 1bcf:08a0 Consumer Control: device is a keyboard
[    95.867] (II) config/udev: Adding input device HID 1bcf:08a0 Mouse (/dev/input/event7)
[    95.867] (**) HID 1bcf:08a0 Mouse: Applying InputClass "libinput pointer catchall"
[    95.867] (II) Using input driver 'libinput' for 'HID 1bcf:08a0 Mouse'
[    95.868] (II) systemd-logind: got fd for /dev/input/event7 13:71 fd 22 paused 0
[    95.868] (**) HID 1bcf:08a0 Mouse: always reports core events
[    95.868] (**) Option "Device" "/dev/input/event7"
[    95.868] (**) Option "_source" "server/udev"
[    95.869] (II) event7  - HID 1bcf:08a0 Mouse: is tagged by udev as: Mouse
[    95.869] (II) event7  - HID 1bcf:08a0 Mouse: device is a pointer
[    95.869] (II) event7  - HID 1bcf:08a0 Mouse: device removed
[    95.869] (**) Option "config_info" "udev:/sys/devices/pci0000:00/0000:00:14.0/usb1/1-1/1-1:1.0/0003:1BCF:08A0.0001/input/input8/event7"
[    95.869] (II) XINPUT: Adding extended input device "HID 1bcf:08a0 Mouse" (type: MOUSE, id 10)
[    95.869] (**) Option "AccelerationScheme" "none"
[    95.869] (**) HID 1bcf:08a0 Mouse: (accel) selected scheme none/0
[    95.869] (**) HID 1bcf:08a0 Mouse: (accel) acceleration factor: 2.000
[    95.869] (**) HID 1bcf:08a0 Mouse: (accel) acceleration threshold: 4
[    95.870] (II) event7  - HID 1bcf:08a0 Mouse: is tagged by udev as: Mouse
[    95.870] (II) event7  - HID 1bcf:08a0 Mouse: device is a pointer
[    95.870] (II) config/udev: Adding input device HID 1bcf:08a0 Mouse (/dev/input/mouse0)
[    95.870] (II) No input driver specified, ignoring this device.
[    95.870] (II) This device may have been added with another device file.
[    95.871] (II) config/udev: Adding input device HID 1bcf:08a0 Keyboard (/dev/input/event8)
[    95.871] (**) HID 1bcf:08a0 Keyboard: Applying InputClass "libinput keyboard catchall"
[    95.871] (II) Using input driver 'libinput' for 'HID 1bcf:08a0 Keyboard'
[    95.871] (II) systemd-logind: got fd for /dev/input/event8 13:72 fd 23 paused 0
[    95.871] (**) HID 1bcf:08a0 Keyboard: always reports core events
[    95.871] (**) Option "Device" "/dev/input/event8"
[    95.871] (**) Option "_source" "server/udev"
[    95.872] (II) event8  - HID 1bcf:08a0 Keyboard: is tagged by udev as: Keyboard
[    95.872] (II) event8  - HID 1bcf:08a0 Keyboard: device is a keyboard
[    95.872] (II) event8  - HID 1bcf:08a0 Keyboard: device removed
[    95.872] (**) Option "config_info" "udev:/sys/devices/pci0000:00/0000:00:14.0/usb1/1-1/1-1:1.0/0003:1BCF:08A0.0001/input/input9/event8"
[    95.872] (II) XINPUT: Adding extended input device "HID 1bcf:08a0 Keyboard" (type: KEYBOARD, id 11)
[    95.873] (II) event8  - HID 1bcf:08a0 Keyboard: is tagged by udev as: Keyboard
[    95.873] (II) event8  - HID 1bcf:08a0 Keyboard: device is a keyboard
[    95.874] (II) config/udev: Adding input device SEMICO USB Keyboard (/dev/input/event10)
[    95.874] (**) SEMICO USB Keyboard: Applying InputClass "libinput keyboard catchall"
[    95.874] (II) Using input driver 'libinput' for 'SEMICO USB Keyboard'
[    95.874] (II) systemd-logind: got fd for /dev/input/event10 13:74 fd 24 paused 0
[    95.874] (**) SEMICO USB Keyboard: always reports core events
[    95.874] (**) Option "Device" "/dev/input/event10"
[    95.874] (**) Option "_source" "server/udev"
[    95.875] (II) event10 - SEMICO USB Keyboard: is tagged by udev as: Keyboard
[    95.875] (II) event10 - SEMICO USB Keyboard: device is a keyboard
[    95.875] (II) event10 - SEMICO USB Keyboard: device removed
[    95.875] (**) Option "config_info" "udev:/sys/devices/pci0000:00/0000:00:14.0/usb1/1-2/1-2:1.0/0003:1A2C:4C5E.0002/input/input11/event10"
[    95.875] (II) XINPUT: Adding extended input device "SEMICO USB Keyboard" (type: KEYBOARD, id 12)
[    95.876] (II) event10 - SEMICO USB Keyboard: is tagged by udev as: Keyboard
[    95.876] (II) event10 - SEMICO USB Keyboard: device is a keyboard
[    95.877] (II) config/udev: Adding input device SEMICO USB Keyboard Consumer Control (/dev/input/event15)
[    95.877] (**) SEMICO USB Keyboard Consumer Control: Applying InputClass "libinput keyboard catchall"
[    95.877] (II) Using input driver 'libinput' for 'SEMICO USB Keyboard Consumer Control'
[    95.877] (II) systemd-logind: got fd for /dev/input/event15 13:79 fd 25 paused 0
[    95.877] (**) SEMICO USB Keyboard Consumer Control: always reports core events
[    95.877] (**) Option "Device" "/dev/input/event15"
[    95.878] (**) Option "_source" "server/udev"
[    95.878] (II) event15 - SEMICO USB Keyboard Consumer Control: is tagged by udev as: Keyboard
[    95.878] (II) event15 - SEMICO USB Keyboard Consumer Control: device is a keyboard
[    95.879] (II) event15 - SEMICO USB Keyboard Consumer Control: device removed
[    95.879] (II) libinput: SEMICO USB Keyboard Consumer Control: needs a virtual subdevice
[    95.879] (**) Option "config_info" "udev:/sys/devices/pci0000:00/0000:00:14.0/usb1/1-2/1-2:1.1/0003:1A2C:4C5E.0004/input/input18/event15"
[    95.879] (II) XINPUT: Adding extended input device "SEMICO USB Keyboard Consumer Control" (type: MOUSE, id 13)
[    95.879] (**) Option "AccelerationScheme" "none"
[    95.879] (**) SEMICO USB Keyboard Consumer Control: (accel) selected scheme none/0
[    95.879] (**) SEMICO USB Keyboard Consumer Control: (accel) acceleration factor: 2.000
[    95.879] (**) SEMICO USB Keyboard Consumer Control: (accel) acceleration threshold: 4
[    95.879] (II) event15 - SEMICO USB Keyboard Consumer Control: is tagged by udev as: Keyboard
[    95.880] (II) event15 - SEMICO USB Keyboard Consumer Control: device is a keyboard
[    95.880] (II) config/udev: Adding input device SEMICO USB Keyboard System Control (/dev/input/event16)
[    95.880] (**) SEMICO USB Keyboard System Control: Applying InputClass "libinput keyboard catchall"
[    95.880] (II) Using input driver 'libinput' for 'SEMICO USB Keyboard System Control'
[    95.881] (II) systemd-logind: got fd for /dev/input/event16 13:80 fd 26 paused 0
[    95.881] (**) SEMICO USB Keyboard System Control: always reports core events
[    95.881] (**) Option "Device" "/dev/input/event16"
[    95.881] (**) Option "_source" "server/udev"
[    95.882] (II) event16 - SEMICO USB Keyboard System Control: is tagged by udev as: Keyboard
[    95.882] (II) event16 - SEMICO USB Keyboard System Control: device is a keyboard
[    95.882] (II) event16 - SEMICO USB Keyboard System Control: device removed
[    95.882] (**) Option "config_info" "udev:/sys/devices/pci0000:00/0000:00:14.0/usb1/1-2/1-2:1.1/0003:1A2C:4C5E.0004/input/input19/event16"
[    95.882] (II) XINPUT: Adding extended input device "SEMICO USB Keyboard System Control" (type: KEYBOARD, id 14)
[    95.883] (II) event16 - SEMICO USB Keyboard System Control: is tagged by udev as: Keyboard
[    95.883] (II) event16 - SEMICO USB Keyboard System Control: device is a keyboard
[    95.883] (II) config/udev: Adding input device SEMICO USB Keyboard (/dev/input/event17)
[    95.883] (**) SEMICO USB Keyboard: Applying InputClass "libinput keyboard catchall"
[    95.883] (II) Using input driver 'libinput' for 'SEMICO USB Keyboard'
[    95.884] (II) systemd-logind: got fd for /dev/input/event17 13:81 fd 27 paused 0
[    95.884] (**) SEMICO USB Keyboard: always reports core events
[    95.884] (**) Option "Device" "/dev/input/event17"
[    95.884] (**) Option "_source" "server/udev"
[    95.885] (II) event17 - SEMICO USB Keyboard: is tagged by udev as: Keyboard
[    95.885] (II) event17 - SEMICO USB Keyboard: device is a keyboard
[    95.885] (II) event17 - SEMICO USB Keyboard: device removed
[    95.885] (**) Option "config_info" "udev:/sys/devices/pci0000:00/0000:00:14.0/usb1/1-2/1-2:1.1/0003:1A2C:4C5E.0004/input/input21/event17"
[    95.885] (II) XINPUT: Adding extended input device "SEMICO USB Keyboard" (type: KEYBOARD, id 15)
[    95.886] (II) event17 - SEMICO USB Keyboard: is tagged by udev as: Keyboard
[    95.886] (II) event17 - SEMICO USB Keyboard: device is a keyboard
[    95.886] (II) config/udev: Adding input device HP Wide Vision HD Camera: HP Wi (/dev/input/event20)
[    95.886] (**) HP Wide Vision HD Camera: HP Wi: Applying InputClass "libinput keyboard catchall"
[    95.886] (II) Using input driver 'libinput' for 'HP Wide Vision HD Camera: HP Wi'
[    95.887] (II) systemd-logind: got fd for /dev/input/event20 13:84 fd 28 paused 0
[    95.887] (**) HP Wide Vision HD Camera: HP Wi: always reports core events
[    95.887] (**) Option "Device" "/dev/input/event20"
[    95.887] (**) Option "_source" "server/udev"
[    95.888] (II) event20 - HP Wide Vision HD Camera: HP Wi: is tagged by udev as: Keyboard
[    95.888] (II) event20 - HP Wide Vision HD Camera: HP Wi: device is a keyboard
[    95.888] (II) event20 - HP Wide Vision HD Camera: HP Wi: device removed
[    95.888] (**) Option "config_info" "udev:/sys/devices/pci0000:00/0000:00:14.0/usb1/1-4/1-4:1.0/input/input26/event20"
[    95.888] (II) XINPUT: Adding extended input device "HP Wide Vision HD Camera: HP Wi" (type: KEYBOARD, id 16)
[    95.889] (II) event20 - HP Wide Vision HD Camera: HP Wi: is tagged by udev as: Keyboard
[    95.889] (II) event20 - HP Wide Vision HD Camera: HP Wi: device is a keyboard
[    95.889] (II) config/udev: Adding input device ELAN2514:00 04F3:262C (/dev/input/event13)
[    95.889] (**) ELAN2514:00 04F3:262C: Applying InputClass "libinput touchscreen catchall"
[    95.889] (II) Using input driver 'libinput' for 'ELAN2514:00 04F3:262C'
[    95.890] (II) systemd-logind: got fd for /dev/input/event13 13:77 fd 29 paused 0
[    95.890] (**) ELAN2514:00 04F3:262C: always reports core events
[    95.890] (**) Option "Device" "/dev/input/event13"
[    95.890] (**) Option "_source" "server/udev"
[    95.890] (II) event13 - ELAN2514:00 04F3:262C: is tagged by udev as: Touchscreen
[    95.891] (II) event13 - ELAN2514:00 04F3:262C: device is a touch device
[    95.891] (II) event13 - ELAN2514:00 04F3:262C: device removed
[    95.891] (**) Option "config_info" "udev:/sys/devices/pci0000:00/0000:00:15.1/i2c_designware.1/i2c-1/i2c-ELAN2514:00/0018:04F3:262C.0003/input/input27/event13"
[    95.891] (II) XINPUT: Adding extended input device "ELAN2514:00 04F3:262C" (type: TOUCHSCREEN, id 17)
[    95.891] (**) Option "AccelerationScheme" "none"
[    95.891] (**) ELAN2514:00 04F3:262C: (accel) selected scheme none/0
[    95.891] (**) ELAN2514:00 04F3:262C: (accel) acceleration factor: 2.000
[    95.891] (**) ELAN2514:00 04F3:262C: (accel) acceleration threshold: 4
[    95.891] (II) event13 - ELAN2514:00 04F3:262C: is tagged by udev as: Touchscreen
[    95.892] (II) event13 - ELAN2514:00 04F3:262C: device is a touch device
[    95.892] (II) config/udev: Adding input device ELAN2514:00 04F3:262C (/dev/input/mouse2)
[    95.892] (II) No input driver specified, ignoring this device.
[    95.892] (II) This device may have been added with another device file.
[    95.892] (II) config/udev: Adding input device ELAN2514:00 04F3:262C UNKNOWN (/dev/input/event14)
[    95.892] (II) No input driver specified, ignoring this device.
[    95.892] (II) This device may have been added with another device file.
[    95.893] (II) config/udev: Adding input device ELAN2514:00 04F3:262C UNKNOWN (/dev/input/event21)
[    95.893] (II) No input driver specified, ignoring this device.
[    95.893] (II) This device may have been added with another device file.
[    95.893] (II) config/udev: Adding input device ELAN2514:00 04F3:262C Stylus (/dev/input/event22)
[    95.893] (**) ELAN2514:00 04F3:262C Stylus: Applying InputClass "libinput tablet catchall"
[    95.893] (II) Using input driver 'libinput' for 'ELAN2514:00 04F3:262C Stylus'
[    95.894] (II) systemd-logind: got fd for /dev/input/event22 13:86 fd 30 paused 0
[    95.894] (**) ELAN2514:00 04F3:262C Stylus: always reports core events
[    95.894] (**) Option "Device" "/dev/input/event22"
[    95.894] (**) Option "_source" "server/udev"
[    95.894] (II) event22 - ELAN2514:00 04F3:262C Stylus: is tagged by udev as: Tablet
[    95.903] (II) event22 - ELAN2514:00 04F3:262C Stylus: tablet 'ELAN2514:00 04F3:262C Stylus' unknown to libwacom
[    95.903] (II) event22 - ELAN2514:00 04F3:262C Stylus: device is a tablet
[    95.903] (II) event22 - ELAN2514:00 04F3:262C Stylus: device removed
[    95.903] (**) Option "config_info" "udev:/sys/devices/pci0000:00/0000:00:15.1/i2c_designware.1/i2c-1/i2c-ELAN2514:00/0018:04F3:262C.0003/input/input30/event22"
[    95.903] (II) XINPUT: Adding extended input device "ELAN2514:00 04F3:262C Stylus" (type: TABLET, id 18)
[    95.903] (II) event22 - ELAN2514:00 04F3:262C Stylus: is tagged by udev as: Tablet
[    95.904] (II) event22 - ELAN2514:00 04F3:262C Stylus: tablet 'ELAN2514:00 04F3:262C Stylus' unknown to libwacom
[    95.904] (II) event22 - ELAN2514:00 04F3:262C Stylus: device is a tablet
[    95.904] (II) config/udev: Adding input device ELAN2514:00 04F3:262C Stylus (/dev/input/mouse3)
[    95.904] (II) No input driver specified, ignoring this device.
[    95.904] (II) This device may have been added with another device file.
[    95.904] (II) config/udev: Adding input device Intel Virtual Button driver (/dev/input/event5)
[    95.904] (**) Intel Virtual Button driver: Applying InputClass "libinput keyboard catchall"
[    95.904] (II) Using input driver 'libinput' for 'Intel Virtual Button driver'
[    95.905] (II) systemd-logind: got fd for /dev/input/event5 13:69 fd 32 paused 0
[    95.905] (**) Intel Virtual Button driver: always reports core events
[    95.905] (**) Option "Device" "/dev/input/event5"
[    95.905] (**) Option "_source" "server/udev"
[    95.905] (II) event5  - Intel Virtual Button driver: is tagged by udev as: Keyboard Switch
[    95.906] (II) event5  - Intel Virtual Button driver: device is a keyboard
[    95.906] (II) event5  - Intel Virtual Button driver: device is a switch device
[    95.906] (II) event5  - Intel Virtual Button driver: device removed
[    95.906] (**) Option "config_info" "udev:/sys/devices/pci0000:00/0000:00:1f.0/PNP0C09:01/INT33D6:01/input/input6/event5"
[    95.906] (II) XINPUT: Adding extended input device "Intel Virtual Button driver" (type: KEYBOARD, id 19)
[    95.906] (II) event5  - Intel Virtual Button driver: is tagged by udev as: Keyboard Switch
[    95.906] (II) event5  - Intel Virtual Button driver: device is a keyboard
[    95.906] (II) event5  - Intel Virtual Button driver: device is a switch device
[    95.907] (II) config/udev: Adding input device HDA Intel PCH Mic (/dev/input/event23)
[    95.907] (II) No input driver specified, ignoring this device.
[    95.907] (II) This device may have been added with another device file.
[    95.907] (II) config/udev: Adding input device HDA Intel PCH Headphone (/dev/input/event24)
[    95.907] (II) No input driver specified, ignoring this device.
[    95.907] (II) This device may have been added with another device file.
[    95.907] (II) config/udev: Adding input device HDA Intel PCH HDMI/DP,pcm=3 (/dev/input/event25)
[    95.907] (II) No input driver specified, ignoring this device.
[    95.907] (II) This device may have been added with another device file.
[    95.907] (II) config/udev: Adding input device HDA Intel PCH HDMI/DP,pcm=7 (/dev/input/event26)
[    95.907] (II) No input driver specified, ignoring this device.
[    95.907] (II) This device may have been added with another device file.
[    95.908] (II) config/udev: Adding input device HDA Intel PCH HDMI/DP,pcm=8 (/dev/input/event27)
[    95.908] (II) No input driver specified, ignoring this device.
[    95.908] (II) This device may have been added with another device file.
[    95.908] (II) config/udev: Adding input device HDA Intel PCH HDMI/DP,pcm=9 (/dev/input/event28)
[    95.908] (II) No input driver specified, ignoring this device.
[    95.908] (II) This device may have been added with another device file.
[    95.909] (II) config/udev: Adding input device HDA Intel PCH HDMI/DP,pcm=10 (/dev/input/event29)
[    95.909] (II) No input driver specified, ignoring this device.
[    95.909] (II) This device may have been added with another device file.
[    95.909] (II) config/udev: Adding input device Intel Virtual Button driver (/dev/input/event6)
[    95.909] (**) Intel Virtual Button driver: Applying InputClass "libinput keyboard catchall"
[    95.909] (II) Using input driver 'libinput' for 'Intel Virtual Button driver'
[    95.909] (II) systemd-logind: got fd for /dev/input/event6 13:70 fd 33 paused 0
[    95.909] (**) Intel Virtual Button driver: always reports core events
[    95.909] (**) Option "Device" "/dev/input/event6"
[    95.909] (**) Option "_source" "server/udev"
[    95.910] (II) event6  - Intel Virtual Button driver: is tagged by udev as: Keyboard Switch
[    95.910] (II) event6  - Intel Virtual Button driver: device is a keyboard
[    95.910] (II) event6  - Intel Virtual Button driver: device is a switch device
[    95.910] (II) event6  - Intel Virtual Button driver: device removed
[    95.910] (**) Option "config_info" "udev:/sys/devices/platform/INT33D6:00/input/input7/event6"
[    95.910] (II) XINPUT: Adding extended input device "Intel Virtual Button driver" (type: KEYBOARD, id 20)
[    95.911] (II) event6  - Intel Virtual Button driver: is tagged by udev as: Keyboard Switch
[    95.911] (II) event6  - Intel Virtual Button driver: device is a keyboard
[    95.911] (II) event6  - Intel Virtual Button driver: device is a switch device
[    95.911] (II) config/udev: Adding input device AT Translated Set 2 keyboard (/dev/input/event3)
[    95.911] (**) AT Translated Set 2 keyboard: Applying InputClass "libinput keyboard catchall"
[    95.911] (II) Using input driver 'libinput' for 'AT Translated Set 2 keyboard'
[    95.912] (II) systemd-logind: got fd for /dev/input/event3 13:67 fd 34 paused 0
[    95.912] (**) AT Translated Set 2 keyboard: always reports core events
[    95.912] (**) Option "Device" "/dev/input/event3"
[    95.912] (**) Option "_source" "server/udev"
[    95.912] (II) event3  - AT Translated Set 2 keyboard: is tagged by udev as: Keyboard
[    95.912] (II) event3  - AT Translated Set 2 keyboard: device is a keyboard
[    95.914] (II) event3  - AT Translated Set 2 keyboard: device removed
[    95.914] (**) Option "config_info" "udev:/sys/devices/platform/i8042/serio0/input/input3/event3"
[    95.914] (II) XINPUT: Adding extended input device "AT Translated Set 2 keyboard" (type: KEYBOARD, id 21)
[    95.914] (II) event3  - AT Translated Set 2 keyboard: is tagged by udev as: Keyboard
[    95.914] (II) event3  - AT Translated Set 2 keyboard: device is a keyboard
[    95.916] (II) config/udev: Adding input device SynPS/2 Synaptics TouchPad (/dev/input/event11)
[    95.916] (**) SynPS/2 Synaptics TouchPad: Applying InputClass "libinput touchpad catchall"
[    95.916] (II) Using input driver 'libinput' for 'SynPS/2 Synaptics TouchPad'
[    95.916] (II) systemd-logind: got fd for /dev/input/event11 13:75 fd 35 paused 0
[    95.916] (**) SynPS/2 Synaptics TouchPad: always reports core events
[    95.916] (**) Option "Device" "/dev/input/event11"
[    95.916] (**) Option "_source" "server/udev"
[    95.917] (II) event11 - SynPS/2 Synaptics TouchPad: is tagged by udev as: Touchpad
[    95.917] (II) event11 - SynPS/2 Synaptics TouchPad: no resolution or size hints, assuming a size of 69x50mm
[    95.918] (II) event11 - SynPS/2 Synaptics TouchPad: device is a touchpad
[    95.918] (II) event11 - SynPS/2 Synaptics TouchPad: device removed
[    95.919] (**) Option "config_info" "udev:/sys/devices/platform/i8042/serio1/input/input23/event11"
[    95.919] (II) XINPUT: Adding extended input device "SynPS/2 Synaptics TouchPad" (type: TOUCHPAD, id 22)
[    95.920] (**) Option "AccelerationScheme" "none"
[    95.920] (**) SynPS/2 Synaptics TouchPad: (accel) selected scheme none/0
[    95.920] (**) SynPS/2 Synaptics TouchPad: (accel) acceleration factor: 2.000
[    95.920] (**) SynPS/2 Synaptics TouchPad: (accel) acceleration threshold: 4
[    95.920] (II) event11 - SynPS/2 Synaptics TouchPad: is tagged by udev as: Touchpad
[    95.920] (II) event11 - SynPS/2 Synaptics TouchPad: no resolution or size hints, assuming a size of 69x50mm
[    95.921] (II) event11 - SynPS/2 Synaptics TouchPad: device is a touchpad
[    95.922] (II) config/udev: Adding input device SynPS/2 Synaptics TouchPad (/dev/input/mouse1)
[    95.922] (II) No input driver specified, ignoring this device.
[    95.922] (II) This device may have been added with another device file.
[    95.922] (II) config/udev: Adding input device PC Speaker (/dev/input/event18)
[    95.922] (II) No input driver specified, ignoring this device.
[    95.922] (II) This device may have been added with another device file.
[    95.923] (II) config/udev: Adding input device HP WMI hotkeys (/dev/input/event12)
[    95.923] (**) HP WMI hotkeys: Applying InputClass "libinput keyboard catchall"
[    95.923] (II) Using input driver 'libinput' for 'HP WMI hotkeys'
[    95.924] (II) systemd-logind: got fd for /dev/input/event12 13:76 fd 36 paused 0
[    95.924] (**) HP WMI hotkeys: always reports core events
[    95.924] (**) Option "Device" "/dev/input/event12"
[    95.924] (**) Option "_source" "server/udev"
[    95.924] (II) event12 - HP WMI hotkeys: is tagged by udev as: Keyboard Switch
[    95.924] (II) event12 - HP WMI hotkeys: device is a keyboard
[    95.924] (II) event12 - HP WMI hotkeys: device removed
[    95.924] (**) Option "config_info" "udev:/sys/devices/virtual/input/input25/event12"
[    95.924] (II) XINPUT: Adding extended input device "HP WMI hotkeys" (type: KEYBOARD, id 23)
[    95.925] (II) event12 - HP WMI hotkeys: is tagged by udev as: Keyboard Switch
[    95.925] (II) event12 - HP WMI hotkeys: device is a keyboard
[    95.925] (II) config/udev: Adding input device HP Wireless hotkeys (/dev/input/event4)
[    95.925] (**) HP Wireless hotkeys: Applying InputClass "libinput keyboard catchall"
[    95.925] (II) Using input driver 'libinput' for 'HP Wireless hotkeys'
[    95.926] (II) systemd-logind: got fd for /dev/input/event4 13:68 fd 37 paused 0
[    95.926] (**) HP Wireless hotkeys: always reports core events
[    95.926] (**) Option "Device" "/dev/input/event4"
[    95.926] (**) Option "_source" "server/udev"
[    95.926] (II) event4  - HP Wireless hotkeys: is tagged by udev as: Keyboard
[    95.927] (II) event4  - HP Wireless hotkeys: device is a keyboard
[    95.927] (II) event4  - HP Wireless hotkeys: device removed
[    95.927] (**) Option "config_info" "udev:/sys/devices/virtual/input/input5/event4"
[    95.927] (II) XINPUT: Adding extended input device "HP Wireless hotkeys" (type: KEYBOARD, id 24)
[    95.927] (II) event4  - HP Wireless hotkeys: is tagged by udev as: Keyboard
[    95.927] (II) event4  - HP Wireless hotkeys: device is a keyboard
[    95.948] (**) HID 1bcf:08a0 Consumer Control: Applying InputClass "libinput keyboard catchall"
[    95.948] (II) Using input driver 'libinput' for 'HID 1bcf:08a0 Consumer Control'
[    95.948] (II) systemd-logind: returning pre-existing fd for /dev/input/event9 13:73
[    95.948] (**) HID 1bcf:08a0 Consumer Control: always reports core events
[    95.948] (**) Option "Device" "/dev/input/event9"
[    95.948] (**) Option "_source" "_driver/libinput"
[    95.948] (II) libinput: HID 1bcf:08a0 Consumer Control: is a virtual subdevice
[    95.948] (**) Option "config_info" "udev:/sys/devices/pci0000:00/0000:00:14.0/usb1/1-1/1-1:1.0/0003:1BCF:08A0.0001/input/input10/event9"
[    95.948] (II) XINPUT: Adding extended input device "HID 1bcf:08a0 Consumer Control" (type: KEYBOARD, id 25)
[    95.948] (**) SEMICO USB Keyboard Consumer Control: Applying InputClass "libinput keyboard catchall"
[    95.948] (II) Using input driver 'libinput' for 'SEMICO USB Keyboard Consumer Control'
[    95.949] (II) systemd-logind: returning pre-existing fd for /dev/input/event15 13:79
[    95.949] (**) SEMICO USB Keyboard Consumer Control: always reports core events
[    95.949] (**) Option "Device" "/dev/input/event15"
[    95.949] (**) Option "_source" "_driver/libinput"
[    95.949] (II) libinput: SEMICO USB Keyboard Consumer Control: is a virtual subdevice
[    95.949] (**) Option "config_info" "udev:/sys/devices/pci0000:00/0000:00:14.0/usb1/1-2/1-2:1.1/0003:1A2C:4C5E.0004/input/input18/event15"
[    95.949] (II) XINPUT: Adding extended input device "SEMICO USB Keyboard Consumer Control" (type: KEYBOARD, id 26)
[    95.959] (II) intel(0): resizing framebuffer to 3716x1080
[    95.981] (II) intel(0): switch to mode 1360x768@60.0 on HDMI1 using pipe 1, position (1920, 0), rotation normal, reflection none
[    97.772] (II) intel(0): EDID vendor "AUO", prod id 16701
[    97.772] (II) intel(0): Printing DDC gathered Modelines:
[    97.772] (II) intel(0): Modeline "1920x1080"x0.0  141.00  1920 1936 1952 2104  1080 1083 1097 1116 -hsync -vsync (67.0 kHz eP)
[    97.772] (II) intel(0): Modeline "1920x1080"x0.0   94.00  1920 1936 1952 2104  1080 1083 1097 1116 -hsync -vsync (44.7 kHz e)
[    97.799] (--) intel(0): HDMI max TMDS frequency 225000KHz
[   267.948] (**) Option "fd" "16"
[   267.948] (II) event2  - Power Button: device removed
[   267.948] (**) Option "fd" "19"
[   267.948] (II) event19 - Video Bus: device removed
[   267.948] (**) Option "fd" "20"
[   267.948] (II) event1  - Power Button: device removed
[   267.948] (**) Option "fd" "21"
[   267.948] (**) Option "fd" "22"
[   267.948] (II) event7  - HID 1bcf:08a0 Mouse: device removed
[   267.948] (**) Option "fd" "23"
[   267.948] (II) event8  - HID 1bcf:08a0 Keyboard: device removed
[   267.948] (**) Option "fd" "24"
[   267.948] (II) event10 - SEMICO USB Keyboard: device removed
[   267.948] (**) Option "fd" "25"
[   267.948] (**) Option "fd" "26"
[   267.948] (II) event16 - SEMICO USB Keyboard System Control: device removed
[   267.948] (**) Option "fd" "27"
[   267.948] (II) event17 - SEMICO USB Keyboard: device removed
[   267.948] (**) Option "fd" "28"
[   267.948] (II) event20 - HP Wide Vision HD Camera: HP Wi: device removed
[   267.948] (**) Option "fd" "29"
[   267.948] (II) event13 - ELAN2514:00 04F3:262C: device removed
[   267.948] (**) Option "fd" "30"
[   267.948] (II) event22 - ELAN2514:00 04F3:262C Stylus: device removed
[   267.948] (**) Option "fd" "32"
[   267.949] (II) event5  - Intel Virtual Button driver: device removed
[   267.949] (**) Option "fd" "33"
[   267.949] (II) event6  - Intel Virtual Button driver: device removed
[   267.949] (**) Option "fd" "34"
[   267.949] (II) event3  - AT Translated Set 2 keyboard: device removed
[   267.949] (**) Option "fd" "35"
[   267.949] (II) event11 - SynPS/2 Synaptics TouchPad: device removed
[   267.949] (**) Option "fd" "36"
[   267.949] (II) event12 - HP WMI hotkeys: device removed
[   267.949] (**) Option "fd" "37"
[   267.949] (II) event4  - HP Wireless hotkeys: device removed
[   267.949] (**) Option "fd" "21"
[   267.949] (II) event9  - HID 1bcf:08a0 Consumer Control: device removed
[   267.949] (**) Option "fd" "25"
[   267.949] (II) event15 - SEMICO USB Keyboard Consumer Control: device removed
[   267.949] (II) UnloadModule: "libinput"
[   267.949] (II) systemd-logind: not releasing fd for 13:79, still in use
[   267.949] (II) UnloadModule: "libinput"
[   267.949] (II) systemd-logind: not releasing fd for 13:73, still in use
[   267.949] (II) UnloadModule: "libinput"
[   267.949] (II) systemd-logind: releasing fd for 13:68
[   268.138] (II) UnloadModule: "libinput"
[   268.138] (II) systemd-logind: releasing fd for 13:76
[   268.339] (II) UnloadModule: "libinput"
[   268.339] (II) systemd-logind: releasing fd for 13:75
[   268.559] (II) UnloadModule: "libinput"
[   268.559] (II) systemd-logind: releasing fd for 13:67
[   268.709] (II) UnloadModule: "libinput"
[   268.709] (II) systemd-logind: releasing fd for 13:70
[   268.789] (II) UnloadModule: "libinput"
[   268.789] (II) systemd-logind: releasing fd for 13:69
[   268.889] (II) UnloadModule: "libinput"
[   268.889] (II) systemd-logind: releasing fd for 13:86
[   269.049] (II) UnloadModule: "libinput"
[   269.049] (II) systemd-logind: releasing fd for 13:77
[   269.239] (II) UnloadModule: "libinput"
[   269.239] (II) systemd-logind: releasing fd for 13:84
[   269.389] (II) UnloadModule: "libinput"
[   269.389] (II) systemd-logind: releasing fd for 13:81
[   269.539] (II) UnloadModule: "libinput"
[   269.539] (II) systemd-logind: releasing fd for 13:80
[   269.619] (II) UnloadModule: "libinput"
[   269.619] (II) systemd-logind: releasing fd for 13:79
[   269.699] (II) UnloadModule: "libinput"
[   269.699] (II) systemd-logind: releasing fd for 13:74
[   269.799] (II) UnloadModule: "libinput"
[   269.799] (II) systemd-logind: releasing fd for 13:72
[   269.909] (II) UnloadModule: "libinput"
[   269.909] (II) systemd-logind: releasing fd for 13:71
[   270.118] (II) UnloadModule: "libinput"
[   270.118] (II) systemd-logind: releasing fd for 13:73
[   270.138] (II) UnloadModule: "libinput"
[   270.138] (II) systemd-logind: releasing fd for 13:65
[   270.179] (II) UnloadModule: "libinput"
[   270.179] (II) systemd-logind: releasing fd for 13:83
[   270.290] (II) UnloadModule: "libinput"
[   270.290] (II) systemd-logind: releasing fd for 13:66
[   270.363] (WW) xf86CloseConsole: KDSETMODE failed: Input/output error
[   270.363] (WW) xf86CloseConsole: VT_GETMODE failed: Input/output error
[   270.363] (WW) xf86CloseConsole: VT_ACTIVATE failed: Input/output error
[   270.364] (II) Server terminated successfully (0). Closing log file.
